TN:
SF:script/DeployFactory.s.sol
DA:9,0
FN:9,DeployFactoryScript.run
FNDA:0,DeployFactoryScript.run
DA:12,0
DA:15,0
DA:16,0
DA:17,0
DA:20,0
DA:21,0
DA:22,0
DA:23,0
DA:24,0
DA:26,0
DA:28,0
DA:29,0
DA:30,0
DA:31,0
DA:32,0
FNF:1
FNH:0
LF:16
LH:0
BRF:0
BRH:0
end_of_record
TN:
SF:script/DeployFactoryMultiChain.s.sol
DA:9,0
FN:9,DeployFactoryMultiChain.run
FNDA:0,DeployFactoryMultiChain.run
DA:10,0
DA:12,0
DA:15,0
DA:16,0
DA:17,0
DA:20,0
DA:21,0
DA:22,0
DA:23,0
DA:24,0
DA:25,0
DA:27,0
DA:29,0
DA:30,0
DA:31,0
DA:32,0
DA:33,0
DA:34,0
DA:37,0
FNF:1
FNH:0
LF:20
LH:0
BRF:0
BRH:0
end_of_record
TN:
SF:script/FactoryInteraction.s.sol
DA:13,0
FN:13,FactoryInteractionScript.addSafeOwnerToAll
FNDA:0,FactoryInteractionScript.addSafeOwnerToAll
DA:15,0
DA:16,0
DA:17,0
DA:18,0
DA:19,0
DA:22,0
DA:25,0
DA:27,0
DA:29,0
DA:32,0
FN:32,FactoryInteractionScript.getModuleForSafe
FNDA:0,FactoryInteractionScript.getModuleForSafe
DA:33,0
DA:34,0
DA:35,0
DA:36,0
DA:37,0
DA:38,0
DA:41,0
FN:41,FactoryInteractionScript.getFactoryInfo
FNDA:0,FactoryInteractionScript.getFactoryInfo
DA:42,0
DA:43,0
DA:45,0
DA:46,0
DA:47,0
DA:48,0
DA:49,0
DA:50,0
DA:53,0
DA:54,0
DA:55,0
DA:56,0
DA:57,0
DA:58,0
DA:60,0
FNF:3
FNH:0
LF:33
LH:0
BRF:0
BRH:0
end_of_record
TN:
SF:src/ManagedSafeModule.sol
DA:34,79
FN:34,ManagedSafeModule.setUp
FNDA:79,ManagedSafeModule.setUp
DA:39,79
DA:51,79
FN:51,ManagedSafeModule._configureForSafeInternal
FNDA:79,ManagedSafeModule._configureForSafeInternal
DA:52,79
BRDA:52,0,0,-
DA:53,0
BRDA:53,1,0,-
DA:56,79
DA:57,79
DA:58,79
DA:60,79
DA:66,81
FN:66,ManagedSafeModule.configureForSafe
FNDA:81,ManagedSafeModule.configureForSafe
DA:67,81
DA:68,81
BRDA:68,2,0,-
DA:69,2
BRDA:69,3,0,2
DA:71,79
DA:79,35
FN:79,ManagedSafeModule.addSafeOwner
FNDA:35,ManagedSafeModule.addSafeOwner
DA:80,35
BRDA:80,4,0,1
DA:82,34
DA:83,34
BRDA:83,5,0,-
DA:84,34
BRDA:84,6,0,1
DA:85,0
BRDA:85,7,0,-
DA:88,33
DA:95,31
BRDA:95,8,0,-
DA:98,31
DA:99,31
DA:101,31
DA:110,3
FN:110,ManagedSafeModule.removeSafeOwner
FNDA:3,ManagedSafeModule.removeSafeOwner
DA:111,3
DA:112,3
BRDA:112,9,0,-
DA:113,3
BRDA:113,10,0,-
DA:114,3
BRDA:114,11,0,-
DA:115,3
BRDA:115,12,0,-
DA:118,3
DA:126,3
DA:127,3
DA:129,3
DA:138,3
FN:138,ManagedSafeModule.replaceSafeOwner
FNDA:3,ManagedSafeModule.replaceSafeOwner
DA:139,3
DA:140,3
BRDA:140,13,0,-
DA:141,3
BRDA:141,14,0,-
DA:142,3
BRDA:142,15,0,-
DA:143,3
BRDA:143,16,0,-
DA:144,3
BRDA:144,17,0,-
DA:145,0
BRDA:145,18,0,-
DA:148,3
DA:156,3
DA:157,3
DA:158,3
DA:160,3
DA:167,3
FN:167,ManagedSafeModule.changeSafeThreshold
FNDA:3,ManagedSafeModule.changeSafeThreshold
DA:168,3
DA:169,3
BRDA:169,19,0,-
DA:170,3
BRDA:170,20,0,-
DA:171,3
BRDA:171,21,0,-
DA:172,3
BRDA:172,22,0,-
DA:174,3
DA:181,3
DA:182,3
DA:192,4
FN:192,ManagedSafeModule.execTransaction
FNDA:4,ManagedSafeModule.execTransaction
DA:198,4
BRDA:198,23,0,-
DA:199,4
BRDA:199,24,0,4
DA:201,0
DA:207,3
FN:207,ManagedSafeModule.removeFromSafeOwnersList
FNDA:3,ManagedSafeModule.removeFromSafeOwnersList
DA:208,3
DA:209,3
DA:210,6
BRDA:210,25,0,3
DA:211,3
DA:212,3
DA:213,3
DA:218,3
FN:218,ManagedSafeModule.replaceInSafeOwnersList
FNDA:3,ManagedSafeModule.replaceInSafeOwnersList
DA:219,3
DA:220,3
DA:221,4
BRDA:221,26,0,3
DA:222,3
DA:223,3
DA:229,21
FN:229,ManagedSafeModule.isSafeOwner
FNDA:21,ManagedSafeModule.isSafeOwner
DA:230,21
DA:231,21
DA:234,0
FN:234,ManagedSafeModule.getSafeOwners
FNDA:0,ManagedSafeModule.getSafeOwners
DA:235,0
DA:238,3
FN:238,ManagedSafeModule.getSafeThreshold
FNDA:3,ManagedSafeModule.getSafeThreshold
DA:239,3
DA:242,1
FN:242,ManagedSafeModule.getModuleOwner
FNDA:1,ManagedSafeModule.getModuleOwner
DA:243,1
DA:246,13
FN:246,ManagedSafeModule.isSafeConfigured
FNDA:13,ManagedSafeModule.isSafeConfigured
DA:247,13
FNF:15
FNH:14
LF:85
LH:79
BRF:27
BRH:6
end_of_record
TN:
SF:src/SafeModuleManager.sol
DA:43,37
FN:43,SafeModuleManager._validateManagerOwner
FNDA:37,SafeModuleManager._validateManagerOwner
DA:44,37
BRDA:44,0,0,9
DA:59,54
FN:59,SafeModuleManager.constructor
FNDA:54,SafeModuleManager.constructor
DA:60,54
DA:70,30
FN:70,SafeModuleManager._executeOnModule
FNDA:30,SafeModuleManager._executeOnModule
DA:75,30
DA:76,30
DA:78,24
BRDA:78,1,0,24
BRDA:78,1,1,6
DA:79,24
DA:81,6
DA:91,14
FN:91,SafeModuleManager._executeOnAllModules
FNDA:14,SafeModuleManager._executeOnAllModules
DA:95,14
DA:96,30
BRDA:96,2,0,24
DA:97,24
DA:100,14
DA:109,74
FN:109,SafeModuleManager._createModuleForSafe
FNDA:74,SafeModuleManager._createModuleForSafe
DA:110,74
BRDA:110,3,0,2
DA:111,72
BRDA:111,4,0,2
DA:113,70
DA:115,70
DA:122,70
DA:123,70
DA:124,70
DA:125,70
DA:126,70
DA:129,70
DA:130,70
DA:131,70
DA:132,70
DA:133,70
DA:140,39
FN:140,SafeModuleManager.createModuleForSafe
FNDA:39,SafeModuleManager.createModuleForSafe
DA:141,39
DA:148,49
FN:148,SafeModuleManager.addModuleForSafe
FNDA:49,SafeModuleManager.addModuleForSafe
DA:149,49
DA:150,49
DA:151,49
BRDA:151,5,0,35
DA:152,35
DA:156,49
DA:168,7
FN:168,SafeModuleManager.isValidSafe
FNDA:7,SafeModuleManager.isValidSafe
DA:169,7
DA:172,5
BRDA:172,7,0,5
DA:173,3
BRDA:173,8,0,3
DA:174,3
BRDA:174,9,0,3
DA:176,3
BRDA:176,9,1,3
DA:178,3
DA:180,0
BRDA:180,8,1,-
DA:181,0
DA:183,1
BRDA:183,7,1,1
DA:184,1
DA:187,4
DA:194,2
FN:194,SafeModuleManager.removeModuleForSafe
FNDA:2,SafeModuleManager.removeModuleForSafe
DA:195,2
DA:196,2
DA:197,2
BRDA:197,10,0,1
DA:200,1
DA:211,12
FN:211,SafeModuleManager.addSafeOwnerToAll
FNDA:12,SafeModuleManager.addSafeOwnerToAll
DA:212,12
DA:213,10
BRDA:213,11,0,1
DA:215,9
DA:221,9
DA:222,9
DA:231,3
FN:231,SafeModuleManager.removeSafeOwnerFromAll
FNDA:3,SafeModuleManager.removeSafeOwnerFromAll
DA:232,3
DA:233,2
BRDA:233,12,0,1
DA:235,1
DA:242,1
DA:243,1
DA:252,4
FN:252,SafeModuleManager.replaceSafeOwnerInAll
FNDA:4,SafeModuleManager.replaceSafeOwnerInAll
DA:253,4
DA:254,3
BRDA:254,13,0,1
DA:255,2
BRDA:255,14,0,1
DA:257,1
DA:264,1
DA:265,1
DA:272,3
FN:272,SafeModuleManager.changeSafeThresholdInAll
FNDA:3,SafeModuleManager.changeSafeThresholdInAll
DA:273,3
DA:274,2
BRDA:274,15,0,1
DA:276,1
DA:281,1
DA:282,1
DA:292,2
FN:292,SafeModuleManager.execTransactionInAll
FNDA:2,SafeModuleManager.execTransactionInAll
DA:298,2
DA:299,2
DA:307,2
DA:308,2
DA:318,2
FN:318,SafeModuleManager.callFunctionInAll
FNDA:2,SafeModuleManager.callFunctionInAll
DA:319,2
DA:320,1
DA:321,1
DA:323,1
DA:332,4
FN:332,SafeModuleManager.callFunctionInModules
FNDA:4,SafeModuleManager.callFunctionInModules
DA:337,4
DA:338,3
DA:340,3
DA:341,5
BRDA:341,16,0,1
DA:342,4
DA:346,2
DA:354,1
FN:354,SafeModuleManager._callAllModules
FNDA:1,SafeModuleManager._callAllModules
DA:355,1
DA:356,2
DA:366,5
FN:366,SafeModuleManager.getAllModules
FNDA:5,SafeModuleManager.getAllModules
DA:367,5
DA:373,6
FN:373,SafeModuleManager.getModuleCount
FNDA:6,SafeModuleManager.getModuleCount
DA:374,6
DA:380,12
FN:380,SafeModuleManager.hasModule
FNDA:12,SafeModuleManager.hasModule
DA:381,12
DA:387,41
FN:387,SafeModuleManager.getModuleForSafe
FNDA:41,SafeModuleManager.getModuleForSafe
DA:388,41
DA:394,2
FN:394,SafeModuleManager.getAllSafes
FNDA:2,SafeModuleManager.getAllSafes
DA:395,2
DA:396,2
DA:400,2
DA:403,2
DA:404,2
DA:407,2
DA:416,7
FN:416,SafeModuleManager.removeSafeFromNetwork
FNDA:7,SafeModuleManager.removeSafeFromNetwork
DA:417,7
DA:418,5
BRDA:418,17,0,1
DA:420,4
DA:421,4
BRDA:421,18,0,2
DA:424,2
BRDA:424,19,0,2
DA:426,2
BRDA:426,19,1,2
DA:428,2
DA:432,2
DA:433,2
DA:434,2
DA:437,2
DA:438,3
BRDA:438,20,0,2
DA:439,2
DA:440,2
DA:441,2
DA:446,2
DA:448,2
DA:455,4
FN:455,SafeModuleManager.getNetworkStatus
FNDA:4,SafeModuleManager.getNetworkStatus
DA:456,4
DA:459,4
DA:460,10
BRDA:460,21,0,10
DA:461,10
DA:465,4
DA:472,4
DA:480,7
FN:480,SafeModuleManager.isModuleActiveForSafe
FNDA:7,SafeModuleManager.isModuleActiveForSafe
DA:481,7
DA:482,7
DA:485,5
DA:488,5
BRDA:488,23,0,5
DA:489,5
BRDA:489,24,0,5
DA:490,5
DA:491,0
BRDA:491,24,1,-
DA:492,0
DA:496,5
DA:504,6
FN:504,SafeModuleManager.updateModuleHealth
FNDA:6,SafeModuleManager.updateModuleHealth
DA:505,6
BRDA:505,25,0,2
DA:507,4
DA:508,4
BRDA:508,26,0,4
DA:509,4
DA:510,0
BRDA:510,26,1,-
DA:511,0
DA:514,4
DA:515,4
DA:523,3
FN:523,SafeModuleManager.getSafeChainId
FNDA:3,SafeModuleManager.getSafeChainId
DA:524,3
DA:525,3
BRDA:525,27,0,3
DA:526,3
DA:537,1
FN:537,SafeModuleManager.getVersion
FNDA:1,SafeModuleManager.getVersion
DA:538,1
FNF:28
FNH:28
LF:165
LH:159
BRF:33
BRH:30
end_of_record
TN:
SF:test/helpers/SafeTestHelper.sol
DA:23,63
FN:23,SafeTestHelper.setUpSafeHelpers
FNDA:63,SafeTestHelper.setUpSafeHelpers
DA:25,63
BRDA:25,0,0,-
BRDA:25,0,1,63
DA:26,0
DA:28,63
DA:31,63
BRDA:31,1,0,-
BRDA:31,1,1,63
DA:32,0
DA:34,63
DA:38,0
FN:38,SafeTestHelper.createSafeFallbackHandler
FNDA:0,SafeTestHelper.createSafeFallbackHandler
DA:43,0
DA:55,0
DA:56,0
DA:58,0
DA:61,0
FN:61,SafeTestHelper.createSafe
FNDA:0,SafeTestHelper.createSafe
DA:65,0
DA:69,0
FN:69,SafeTestHelper.createSafeWithOwners
FNDA:0,SafeTestHelper.createSafeWithOwners
DA:72,0
DA:75,0
FN:75,SafeTestHelper.createSafeWithSingleOwner
FNDA:0,SafeTestHelper.createSafeWithSingleOwner
DA:78,0
DA:79,0
DA:80,0
DA:83,115
FN:83,SafeTestHelper.executeSafeTransaction.0
FNDA:115,SafeTestHelper.executeSafeTransaction.0
DA:96,115
DA:110,115
DA:111,115
DA:114,0
FN:114,SafeTestHelper.executeSafeTransaction.1
FNDA:0,SafeTestHelper.executeSafeTransaction.1
DA:121,0
DA:136,0
FN:136,SafeTestHelper.executeSafeTransaction.2
FNDA:0,SafeTestHelper.executeSafeTransaction.2
DA:141,0
DA:150,115
FN:150,SafeTestHelper.signSafeTransaction.0
FNDA:115,SafeTestHelper.signSafeTransaction.0
DA:164,115
DA:177,115
DA:178,115
DA:181,115
FN:181,SafeTestHelper.signSafeTransaction.1
FNDA:115,SafeTestHelper.signSafeTransaction.1
DA:190,115
DA:206,115
FN:206,SafeTestHelper.signSafeTransaction.2
FNDA:115,SafeTestHelper.signSafeTransaction.2
DA:213,115
DA:224,0
FN:224,SafeTestHelper.combineSignatures.0
FNDA:0,SafeTestHelper.combineSignatures.0
DA:228,0
DA:231,0
FN:231,SafeTestHelper.combineSignatures.1
FNDA:0,SafeTestHelper.combineSignatures.1
DA:236,0
DA:242,115
FN:242,SafeTestHelper.safeHelper.0
FNDA:115,SafeTestHelper.safeHelper.0
DA:248,115
DA:251,115
FN:251,SafeTestHelper.safeHelper.1
FNDA:115,SafeTestHelper.safeHelper.1
DA:258,115
DA:266,115
DA:280,115
BRDA:280,2,0,-
BRDA:280,2,1,115
DA:284,0
FN:284,SafeTestHelper.getTransactionHash
FNDA:0,SafeTestHelper.getTransactionHash
DA:289,0
DA:304,187
FN:304,SafeTestHelper.createSafeWithNonce
FNDA:187,SafeTestHelper.createSafeWithNonce
DA:309,187
DA:321,187
DA:322,187
DA:324,187
FNF:17
FNH:8
LF:53
LH:28
BRF:6
BRH:3
end_of_record
